<?xml version="1.0" encoding="UTF-8"?>
<!-- Generated by org.testng.reporters.JUnitReportReporter -->
<testsuite hostname="BLRM-300068094" failures="0" tests="1" name="apiFramework.apiFramework.apiTest" time="0.971" errors="0" timestamp="17 Sep 2019 11:32:56 GMT">
  <testcase classname="apiFramework.apiFramework.apiTest" name="testStatusCode" time="0.971"/>
</testsuite> <!-- apiFramework.apiFramework.apiTest -->
